  [1m[36m (1.3ms)[0m  [1mCREATE TABLE "schema_migrations" ("version" varchar NOT NULL) [0m
  [1m[35m (0.0ms)[0m  select sqlite_version(*)
  [1m[36m (1.1ms)[0m  [1mCREATE UNIQUE INDEX "unique_schema_migrations" ON "schema_migrations" ("version")[0m
  [1m[35mActiveRecord::SchemaMigration Load (0.1ms)[0m  SELECT "schema_migrations".* FROM "schema_migrations"


Started GET "/articles" for ::1 at 2016-07-09 17:51:34 -0400
  [1m[36mActiveRecord::SchemaMigration Load (0.1ms)[0m  [1mSELECT "schema_migrations".* FROM "schema_migrations"[0m

ActiveRecord::PendingMigrationError (

Migrations are pending. To resolve this issue, run:

	bin/rake db:migrate RAILS_ENV=development

):
  activerecord (4.2.5) lib/active_record/migration.rb:392:in `check_pending!'
  activerecord (4.2.5) lib/active_record/migration.rb:373:in `call'
  actionpack (4.2.5) lib/action_dispatch/middleware/callbacks.rb:29:in `block in call'
  activesupport (4.2.5) lib/active_support/callbacks.rb:88:in `__run_callbacks__'
  activesupport (4.2.5) lib/active_support/callbacks.rb:778:in `_run_call_callbacks'
  activesupport (4.2.5) lib/active_support/callbacks.rb:81:in `run_callbacks'
  actionpack (4.2.5) lib/action_dispatch/middleware/callbacks.rb:27:in `call'
  actionpack (4.2.5) lib/action_dispatch/middleware/reloader.rb:73:in `call'
  actionpack (4.2.5) lib/action_dispatch/middleware/remote_ip.rb:78:in `call'
  actionpack (4.2.5) lib/action_dispatch/middleware/debug_exceptions.rb:17:in `call'
  web-console (2.2.1) lib/web_console/middleware.rb:39:in `call'
  actionpack (4.2.5) lib/action_dispatch/middleware/show_exceptions.rb:30:in `call'
  railties (4.2.5) lib/rails/rack/logger.rb:38:in `call_app'
  railties (4.2.5) lib/rails/rack/logger.rb:20:in `block in call'
  activesupport (4.2.5) lib/active_support/tagged_logging.rb:68:in `block in tagged'
  activesupport (4.2.5) lib/active_support/tagged_logging.rb:26:in `tagged'
  activesupport (4.2.5) lib/active_support/tagged_logging.rb:68:in `tagged'
  railties (4.2.5) lib/rails/rack/logger.rb:20:in `call'
  actionpack (4.2.5) lib/action_dispatch/middleware/request_id.rb:21:in `call'
  rack (1.6.4) lib/rack/methodoverride.rb:22:in `call'
  rack (1.6.4) lib/rack/runtime.rb:18:in `call'
  activesupport (4.2.5) lib/active_support/cache/strategy/local_cache_middleware.rb:28:in `call'
  rack (1.6.4) lib/rack/lock.rb:17:in `call'
  actionpack (4.2.5) lib/action_dispatch/middleware/static.rb:116:in `call'
  rack (1.6.4) lib/rack/sendfile.rb:113:in `call'
  railties (4.2.5) lib/rails/engine.rb:518:in `call'
  railties (4.2.5) lib/rails/application.rb:165:in `call'
  rack (1.6.4) lib/rack/lock.rb:17:in `call'
  rack (1.6.4) lib/rack/content_length.rb:15:in `call'
  rack (1.6.4) lib/rack/handler/webrick.rb:88:in `service'
  /Users/gracejuster/.rvm/rubies/ruby-2.2.3/lib/ruby/2.2.0/webrick/httpserver.rb:138:in `service'
  /Users/gracejuster/.rvm/rubies/ruby-2.2.3/lib/ruby/2.2.0/webrick/httpserver.rb:94:in `run'
  /Users/gracejuster/.rvm/rubies/ruby-2.2.3/lib/ruby/2.2.0/webrick/server.rb:294:in `block in start_thread'


  Rendered /Users/gracejuster/.rvm/gems/ruby-2.2.3/gems/actionpack-4.2.5/lib/action_dispatch/middleware/templates/rescues/_source.erb (2.1ms)
  Rendered /Users/gracejuster/.rvm/gems/ruby-2.2.3/gems/actionpack-4.2.5/lib/action_dispatch/middleware/templates/rescues/_trace.html.erb (1.2ms)
  Rendered /Users/gracejuster/.rvm/gems/ruby-2.2.3/gems/actionpack-4.2.5/lib/action_dispatch/middleware/templates/rescues/_request_and_response.html.erb (0.7ms)
  Rendered /Users/gracejuster/.rvm/gems/ruby-2.2.3/gems/actionpack-4.2.5/lib/action_dispatch/middleware/templates/rescues/diagnostics.html.erb within rescues/layout (47.9ms)
  Rendered /Users/gracejuster/.rvm/gems/ruby-2.2.3/gems/web-console-2.2.1/lib/web_console/templates/_markup.html.erb (0.5ms)
  Rendered /Users/gracejuster/.rvm/gems/ruby-2.2.3/gems/web-console-2.2.1/lib/web_console/templates/_inner_console_markup.html.erb within layouts/inlined_string (0.3ms)
  Rendered /Users/gracejuster/.rvm/gems/ruby-2.2.3/gems/web-console-2.2.1/lib/web_console/templates/_prompt_box_markup.html.erb within layouts/inlined_string (0.3ms)
  Rendered /Users/gracejuster/.rvm/gems/ruby-2.2.3/gems/web-console-2.2.1/lib/web_console/templates/style.css.erb within layouts/inlined_string (0.3ms)
  Rendered /Users/gracejuster/.rvm/gems/ruby-2.2.3/gems/web-console-2.2.1/lib/web_console/templates/console.js.erb within layouts/javascript (41.9ms)
  Rendered /Users/gracejuster/.rvm/gems/ruby-2.2.3/gems/web-console-2.2.1/lib/web_console/templates/main.js.erb within layouts/javascript (0.3ms)
  Rendered /Users/gracejuster/.rvm/gems/ruby-2.2.3/gems/web-console-2.2.1/lib/web_console/templates/error_page.js.erb within layouts/javascript (0.5ms)
  Rendered /Users/gracejuster/.rvm/gems/ruby-2.2.3/gems/web-console-2.2.1/lib/web_console/templates/index.html.erb (94.2ms)
  [1m[36mActiveRecord::SchemaMigration Load (0.1ms)[0m  [1mSELECT "schema_migrations".* FROM "schema_migrations"[0m
Migrating to CreateArticles (20160709215053)
  [1m[35m (0.1ms)[0m  begin transaction
  [1m[36m (0.4ms)[0m  [1mCREATE TABLE "articles" ("id" INTEGER PRIMARY KEY AUTOINCREMENT NOT NULL, "title" varchar, "body" text, "created_at" datetime NOT NULL, "updated_at" datetime NOT NULL) [0m
  [1m[35mSQL (0.2ms)[0m  INSERT INTO "schema_migrations" ("version") VALUES (?)  [["version", "20160709215053"]]
  [1m[36m (0.7ms)[0m  [1mcommit transaction[0m
  [1m[35mActiveRecord::SchemaMigration Load (0.1ms)[0m  SELECT "schema_migrations".* FROM "schema_migrations"


Started GET "/articles" for ::1 at 2016-07-09 17:51:51 -0400
  [1m[35mActiveRecord::SchemaMigration Load (0.1ms)[0m  SELECT "schema_migrations".* FROM "schema_migrations"
Processing by ArticlesController#index as HTML
  [1m[36mArticle Load (0.2ms)[0m  [1mSELECT "articles".* FROM "articles"[0m
  Rendered articles/index.html.erb within layouts/application (1.9ms)
Completed 200 OK in 1244ms (Views: 1233.7ms | ActiveRecord: 0.3ms)


Started GET "/assets/articles.self-e3b0c44298fc1c149afbf4c8996fb92427ae41e4649b934ca495991b7852b855.css?body=1" for ::1 at 2016-07-09 17:51:52 -0400


Started GET "/assets/scaffolds.self-e6dd1e521eff67a752055a304ed69aa101a4ad21d49f47427b34293cb38bda8a.css?body=1" for ::1 at 2016-07-09 17:51:52 -0400


Started GET "/assets/articles.self-877aef30ae1b040ab8a3aba4e3e309a11d7f2612f44dde450b5c157aa5f95c05.js?body=1" for ::1 at 2016-07-09 17:51:52 -0400


Started GET "/articles/new" for ::1 at 2016-07-09 17:52:14 -0400
Processing by ArticlesController#new as HTML
  Rendered articles/_form.html.erb (21.8ms)
  Rendered articles/new.html.erb within layouts/application (24.4ms)
Completed 200 OK in 44ms (Views: 39.5ms | ActiveRecord: 0.2ms)


Started POST "/articles" for ::1 at 2016-07-09 17:52:20 -0400
Processing by ArticlesController#create as HTML
  Parameters: {"utf8"=>"✓", "authenticity_token"=>"3F/8yvkaJcTT3Wmopn0s1SIZpFrqHj9A/PZshF+CczSb0YyxvT514/Uzj+z6mozUGQ9A3dwsM7AohAe1X5GxHg==", "article"=>{"title"=>"hi", "body"=>"bye"}, "commit"=>"Create Article"}
  [1m[35m (0.1ms)[0m  begin transaction
  [1m[36mSQL (0.4ms)[0m  [1mINSERT INTO "articles" ("title", "body", "created_at", "updated_at") VALUES (?, ?, ?, ?)[0m  [["title", "hi"], ["body", "bye"], ["created_at", "2016-07-09 21:52:20.284994"], ["updated_at", "2016-07-09 21:52:20.284994"]]
  [1m[35m (0.6ms)[0m  commit transaction
Redirected to http://localhost:9090/articles/1
Completed 302 Found in 8ms (ActiveRecord: 1.1ms)


Started GET "/articles/1" for ::1 at 2016-07-09 17:52:20 -0400
Processing by ArticlesController#show as HTML
  Parameters: {"id"=>"1"}
  [1m[36mArticle Load (0.2ms)[0m  [1mSELECT  "articles".* FROM "articles" WHERE "articles"."id" = ? LIMIT 1[0m  [["id", 1]]
  Rendered articles/show.html.erb within layouts/application (0.7ms)
Completed 200 OK in 19ms (Views: 13.5ms | ActiveRecord: 0.2ms)


Started GET "/articles" for ::1 at 2016-07-09 17:52:22 -0400
Processing by ArticlesController#index as HTML
  [1m[35mArticle Load (0.2ms)[0m  SELECT "articles".* FROM "articles"
  Rendered articles/index.html.erb within layouts/application (2.0ms)
Completed 200 OK in 17ms (Views: 16.2ms | ActiveRecord: 0.2ms)


Started DELETE "/articles/1" for ::1 at 2016-07-09 17:52:26 -0400
Processing by ArticlesController#destroy as HTML
  Parameters: {"authenticity_token"=>"4SBFg7jkKjK5BCkoNTu8LEop/1NDXfaIoNxmyKAqpSimrjX4/MB6FZ/qz2xp3BwtcT8b1HVv+nh0rg35oDlnAg==", "id"=>"1"}
  [1m[36mArticle Load (0.2ms)[0m  [1mSELECT  "articles".* FROM "articles" WHERE "articles"."id" = ? LIMIT 1[0m  [["id", 1]]
  [1m[35m (0.1ms)[0m  begin transaction
  [1m[36mSQL (0.3ms)[0m  [1mDELETE FROM "articles" WHERE "articles"."id" = ?[0m  [["id", 1]]
  [1m[35m (0.6ms)[0m  commit transaction
Redirected to http://localhost:9090/articles
Completed 302 Found in 5ms (ActiveRecord: 1.2ms)


Started GET "/articles" for ::1 at 2016-07-09 17:52:26 -0400
Processing by ArticlesController#index as HTML
  [1m[36mArticle Load (0.1ms)[0m  [1mSELECT "articles".* FROM "articles"[0m
  Rendered articles/index.html.erb within layouts/application (1.0ms)
Completed 200 OK in 15ms (Views: 14.3ms | ActiveRecord: 0.1ms)
